<?xml version="1.0" encoding="UTF-8"?>
<!-- Generated by org.testng.reporters.JUnitReportReporter -->
<testsuite hostname="NICDM024" failures="0" tests="1" name="tests.Assignment4" time="6.149" errors="1" timestamp="2024-02-03T12:33:06 IST" skipped="0">
  <testcase classname="tests.Assignment4" name="assignment" time="6.149">
    <error message="session not created: This version of ChromeDriver only supports Chrome version 119
Current browser version is 121.0.6167.86 with binary path C:\Program Files (x86)\Google\Chrome\Application\chrome.exe
Build info: version: &#039;3.141.59&#039;, revision: &#039;e82be7d358&#039;, time: &#039;2018-11-14T08:17:03&#039;
System info: host: &#039;NICDM024&#039;, ip: &#039;192.168.50.182&#039;, os.name: &#039;Windows 10&#039;, os.arch: &#039;amd64&#039;, os.version: &#039;10.0&#039;, java.version: &#039;19.0.1&#039;
Driver info: driver.version: ChromeDriver
remote stacktrace: 	GetHandleVerifier [0x00007FF7F71182B2+55298]
	(No symbol) [0x00007FF7F7085E02]
	(No symbol) [0x00007FF7F6F405AB]
	(No symbol) [0x00007FF7F6F73E72]
	(No symbol) [0x00007FF7F6F732FE]
	(No symbol) [0x00007FF7F6F6EC6C]
	(No symbol) [0x00007FF7F6F6B30E]
	(No symbol) [0x00007FF7F6FAA198]
	(No symbol) [0x00007FF7F6FA9CB0]
	(No symbol) [0x00007FF7F6FA1E83]
	(No symbol) [0x00007FF7F6F7670A]
	(No symbol) [0x00007FF7F6F77964]
	GetHandleVerifier [0x00007FF7F7490AAB+3694587]
	GetHandleVerifier [0x00007FF7F74E728E+4048862]
	GetHandleVerifier [0x00007FF7F74DF173+4015811]
	GetHandleVerifier [0x00007FF7F71B47D6+695590]
	(No symbol) [0x00007FF7F7090CE8]
	(No symbol) [0x00007FF7F708CF34]
	(No symbol) [0x00007FF7F708D062]
	(No symbol) [0x00007FF7F707D3A3]
	BaseThreadInitThunk [0x00007FFA53397344+20]
	RtlUserThreadStart [0x00007FFA553826B1+33]
" type="org.openqa.selenium.SessionNotCreatedException">
      <![CDATA[org.openqa.selenium.SessionNotCreatedException: session not created: This version of ChromeDriver only supports Chrome version 119
Current browser version is 121.0.6167.86 with binary path C:\Program Files (x86)\Google\Chrome\Application\chrome.exe
Build info: version: '3.141.59', revision: 'e82be7d358', time: '2018-11-14T08:17:03'
System info: host: 'NICDM024', ip: '192.168.50.182', os.name: 'Windows 10', os.arch: 'amd64', os.version: '10.0', java.version: '19.0.1'
Driver info: driver.version: ChromeDriver
remote stacktrace: GetHandleVerifier [0x00007FF7F71182B2+55298]
(No symbol) [0x00007FF7F7085E02]
(No symbol) [0x00007FF7F6F405AB]
(No symbol) [0x00007FF7F6F73E72]
(No symbol) [0x00007FF7F6F732FE]
(No symbol) [0x00007FF7F6F6EC6C]
(No symbol) [0x00007FF7F6F6B30E]
(No symbol) [0x00007FF7F6FAA198]
(No symbol) [0x00007FF7F6FA9CB0]
(No symbol) [0x00007FF7F6FA1E83]
(No symbol) [0x00007FF7F6F7670A]
(No symbol) [0x00007FF7F6F77964]
GetHandleVerifier [0x00007FF7F7490AAB+3694587]
GetHandleVerifier [0x00007FF7F74E728E+4048862]
GetHandleVerifier [0x00007FF7F74DF173+4015811]
GetHandleVerifier [0x00007FF7F71B47D6+695590]
(No symbol) [0x00007FF7F7090CE8]
(No symbol) [0x00007FF7F708CF34]
(No symbol) [0x00007FF7F708D062]
(No symbol) [0x00007FF7F707D3A3]
BaseThreadInitThunk [0x00007FFA53397344+20]
RtlUserThreadStart [0x00007FFA553826B1+33]

at java.base/jdk.internal.reflect.DirectConstructorHandleAccessor.newInstance(DirectConstructorHandleAccessor.java:67)
at java.base/java.lang.reflect.Constructor.newInstanceWithCaller(Constructor.java:500)
at java.base/java.lang.reflect.Constructor.newInstance(Constructor.java:484)
at org.openqa.selenium.remote.W3CHandshakeResponse.lambda$errorHandler$0(W3CHandshakeResponse.java:62)
at org.openqa.selenium.remote.HandshakeResponse.lambda$getResponseFunction$0(HandshakeResponse.java:30)
at org.openqa.selenium.remote.ProtocolHandshake.lambda$createSession$0(ProtocolHandshake.java:126)
at java.base/java.util.stream.ReferencePipeline$3$1.accept(ReferencePipeline.java:197)
at java.base/java.util.Spliterators$ArraySpliterator.tryAdvance(Spliterators.java:1016)
at java.base/java.util.stream.ReferencePipeline.forEachWithCancel(ReferencePipeline.java:129)
at java.base/java.util.stream.AbstractPipeline.copyIntoWithCancel(AbstractPipeline.java:527)
at java.base/java.util.stream.AbstractPipeline.copyInto(AbstractPipeline.java:513)
at java.base/java.util.stream.AbstractPipeline.wrapAndCopyInto(AbstractPipeline.java:499)
at java.base/java.util.stream.FindOps$FindOp.evaluateSequential(FindOps.java:150)
at java.base/java.util.stream.AbstractPipeline.evaluate(AbstractPipeline.java:234)
at java.base/java.util.stream.ReferencePipeline.findFirst(ReferencePipeline.java:647)
at org.openqa.selenium.remote.ProtocolHandshake.createSession(ProtocolHandshake.java:128)
at org.openqa.selenium.remote.ProtocolHandshake.createSession(ProtocolHandshake.java:74)
at org.openqa.selenium.remote.HttpCommandExecutor.execute(HttpCommandExecutor.java:136)
at org.openqa.selenium.remote.service.DriverCommandExecutor.execute(DriverCommandExecutor.java:83)
at org.openqa.selenium.remote.RemoteWebDriver.execute(RemoteWebDriver.java:552)
at org.openqa.selenium.remote.RemoteWebDriver.startSession(RemoteWebDriver.java:213)
at org.openqa.selenium.remote.RemoteWebDriver.<init>(RemoteWebDriver.java:131)
at org.openqa.selenium.chrome.ChromeDriver.<init>(ChromeDriver.java:181)
at org.openqa.selenium.chrome.ChromeDriver.<init>(ChromeDriver.java:168)
at org.openqa.selenium.chrome.ChromeDriver.<init>(ChromeDriver.java:123)
at tests.Assignment4.assignment(Assignment4.java:23)
at java.base/jdk.internal.reflect.DirectMethodHandleAccessor.invoke(DirectMethodHandleAccessor.java:104)
at java.base/java.lang.reflect.Method.invoke(Method.java:578)
at org.testng.internal.MethodInvocationHelper.invokeMethod(MethodInvocationHelper.java:133)
at org.testng.internal.TestInvoker.invokeMethod(TestInvoker.java:598)
at org.testng.internal.TestInvoker.invokeTestMethod(TestInvoker.java:173)
at org.testng.internal.MethodRunner.runInSequence(MethodRunner.java:46)
at org.testng.internal.TestInvoker$MethodInvocationAgent.invoke(TestInvoker.java:824)
at org.testng.internal.TestInvoker.invokeTestMethods(TestInvoker.java:146)
at org.testng.internal.TestMethodWorker.invokeTestMethods(TestMethodWorker.java:146)
at org.testng.internal.TestMethodWorker.run(TestMethodWorker.java:128)
at java.base/java.util.ArrayList.forEach(ArrayList.java:1511)
at org.testng.TestRunner.privateRun(TestRunner.java:794)
at org.testng.TestRunner.run(TestRunner.java:596)
at org.testng.SuiteRunner.runTest(SuiteRunner.java:377)
at org.testng.SuiteRunner.runSequentially(SuiteRunner.java:371)
at org.testng.SuiteRunner.privateRun(SuiteRunner.java:332)
at org.testng.SuiteRunner.run(SuiteRunner.java:276)
at org.testng.SuiteRunnerWorker.runSuite(SuiteRunnerWorker.java:53)
at org.testng.SuiteRunnerWorker.run(SuiteRunnerWorker.java:96)
at org.testng.TestNG.runSuitesSequentially(TestNG.java:1212)
at org.testng.TestNG.runSuitesLocally(TestNG.java:1134)
at org.testng.TestNG.runSuites(TestNG.java:1063)
at org.testng.TestNG.run(TestNG.java:1031)
at org.testng.remote.AbstractRemoteTestNG.run(AbstractRemoteTestNG.java:115)
at org.testng.remote.RemoteTestNG.initAndRun(RemoteTestNG.java:251)
at org.testng.remote.RemoteTestNG.main(RemoteTestNG.java:77)
]]>
    </error>
  </testcase> <!-- assignment -->
  <system-out/>
</testsuite> <!-- tests.Assignment4 -->
